RUN	apiRequest.postReuqest	postreuqest	1688035544228	ten run get user	3.6.1
USER	Create and get User	START	1688035545322
REQUEST		Add User	1688035545347	1688035545735	OK	 
REQUEST		Get Single User	1688035545791	1688035545894	KO	status.find.is(200), but actually found 404
USER	Create and get User	END	1688035545900
USER	Create and get User	START	1688035547328
REQUEST		Add User	1688035547329	1688035547452	OK	 
REQUEST		Get Single User	1688035547454	1688035547564	KO	status.find.is(200), but actually found 404
USER	Create and get User	END	1688035547566
USER	Create and get User	START	1688035549328
REQUEST		Add User	1688035549328	1688035549448	OK	 
REQUEST		Get Single User	1688035549451	1688035549547	KO	status.find.is(200), but actually found 404
USER	Create and get User	END	1688035549549
USER	Create and get User	START	1688035551325
REQUEST		Add User	1688035551325	1688035551436	OK	 
REQUEST		Get Single User	1688035551438	1688035551551	KO	status.find.is(200), but actually found 404
USER	Create and get User	END	1688035551552
USER	Create and get User	START	1688035553320
REQUEST		Add User	1688035553320	1688035553429	OK	 
REQUEST		Get Single User	1688035553431	1688035553526	KO	status.find.is(200), but actually found 404
USER	Create and get User	END	1688035553527
