RUN	apiRequest.postReuqest	postreuqest	1688035747942	test run 200	3.6.1
USER	Create and get User	START	1688035748993
REQUEST		Add User	1688035749018	1688035749395	OK	 
REQUEST		Get Single User	1688035749458	1688035749576	OK	 
REQUEST		Get Single User	1688035749581	1688035749596	OK	 
USER	Create and get User	END	1688035749602
USER	Create and get User	START	1688035750984
REQUEST		Add User	1688035750984	1688035751098	OK	 
REQUEST		Get Single User	1688035751100	1688035751194	KO	status.find.is(404), but actually found 200
REQUEST		Get Single User	1688035751199	1688035751211	OK	 
USER	Create and get User	END	1688035751212
USER	Create and get User	START	1688035752979
REQUEST		Add User	1688035752980	1688035753100	OK	 
REQUEST		Get Single User	1688035753102	1688035753205	OK	 
REQUEST		Get Single User	1688035753206	1688035753217	OK	 
USER	Create and get User	END	1688035753218
USER	Create and get User	START	1688035754993
REQUEST		Add User	1688035754993	1688035755117	OK	 
REQUEST		Get Single User	1688035755118	1688035755208	OK	 
REQUEST		Get Single User	1688035755209	1688035755225	OK	 
USER	Create and get User	END	1688035755228
USER	Create and get User	START	1688035756989
REQUEST		Add User	1688035756989	1688035757116	OK	 
REQUEST		Get Single User	1688035757117	1688035757209	OK	 
REQUEST		Get Single User	1688035757210	1688035757223	OK	 
USER	Create and get User	END	1688035757225
USER	Create and get User	START	1688035759000
REQUEST		Add User	1688035759000	1688035759118	OK	 
REQUEST		Get Single User	1688035759120	1688035759216	OK	 
REQUEST		Get Single User	1688035759217	1688035759233	OK	 
USER	Create and get User	END	1688035759235
USER	Create and get User	START	1688035760994
REQUEST		Add User	1688035760995	1688035761118	OK	 
REQUEST		Get Single User	1688035761120	1688035761225	OK	 
REQUEST		Get Single User	1688035761226	1688035761239	OK	 
USER	Create and get User	END	1688035761242
USER	Create and get User	START	1688035762993
REQUEST		Add User	1688035762993	1688035763108	OK	 
REQUEST		Get Single User	1688035763109	1688035763202	OK	 
REQUEST		Get Single User	1688035763203	1688035763218	OK	 
USER	Create and get User	END	1688035763219
USER	Create and get User	START	1688035764988
REQUEST		Add User	1688035764989	1688035765117	OK	 
REQUEST		Get Single User	1688035765119	1688035765219	OK	 
REQUEST		Get Single User	1688035765220	1688035765236	OK	 
USER	Create and get User	END	1688035765238
USER	Create and get User	START	1688035766986
REQUEST		Add User	1688035766987	1688035767104	OK	 
REQUEST		Get Single User	1688035767105	1688035767209	OK	 
REQUEST		Get Single User	1688035767210	1688035767227	OK	 
USER	Create and get User	END	1688035767229
USER	Create and get User	START	1688035768993
REQUEST		Add User	1688035768994	1688035769127	OK	 
REQUEST		Get Single User	1688035769129	1688035769224	OK	 
REQUEST		Get Single User	1688035769224	1688035769237	OK	 
USER	Create and get User	END	1688035769238
USER	Create and get User	START	1688035770991
REQUEST		Add User	1688035770992	1688035771109	OK	 
REQUEST		Get Single User	1688035771110	1688035771206	OK	 
REQUEST		Get Single User	1688035771206	1688035771220	OK	 
USER	Create and get User	END	1688035771222
USER	Create and get User	START	1688035772991
REQUEST		Add User	1688035772991	1688035773112	OK	 
REQUEST		Get Single User	1688035773114	1688035773206	OK	 
REQUEST		Get Single User	1688035773207	1688035773220	OK	 
USER	Create and get User	END	1688035773222
USER	Create and get User	START	1688035774992
REQUEST		Add User	1688035774993	1688035775109	OK	 
REQUEST		Get Single User	1688035775110	1688035775206	OK	 
REQUEST		Get Single User	1688035775207	1688035775222	OK	 
USER	Create and get User	END	1688035775223
USER	Create and get User	START	1688035776988
REQUEST		Add User	1688035776989	1688035777118	OK	 
REQUEST		Get Single User	1688035777120	1688035777207	OK	 
REQUEST		Get Single User	1688035777208	1688035777224	OK	 
USER	Create and get User	END	1688035777226
USER	Create and get User	START	1688035778994
REQUEST		Add User	1688035778995	1688035779108	OK	 
REQUEST		Get Single User	1688035779110	1688035779200	OK	 
REQUEST		Get Single User	1688035779201	1688035779218	OK	 
USER	Create and get User	END	1688035779220
USER	Create and get User	START	1688035780996
REQUEST		Add User	1688035780996	1688035781106	OK	 
REQUEST		Get Single User	1688035781108	1688035781196	OK	 
REQUEST		Get Single User	1688035781197	1688035781209	OK	 
USER	Create and get User	END	1688035781211
USER	Create and get User	START	1688035782992
REQUEST		Add User	1688035782993	1688035783096	OK	 
REQUEST		Get Single User	1688035783097	1688035783189	OK	 
REQUEST		Get Single User	1688035783190	1688035783203	OK	 
USER	Create and get User	END	1688035783204
USER	Create and get User	START	1688035784992
REQUEST		Add User	1688035784993	1688035785102	OK	 
REQUEST		Get Single User	1688035785103	1688035785197	OK	 
REQUEST		Get Single User	1688035785198	1688035785211	OK	 
USER	Create and get User	END	1688035785213
USER	Create and get User	START	1688035786986
REQUEST		Add User	1688035786987	1688035787105	OK	 
REQUEST		Get Single User	1688035787112	1688035787210	OK	 
REQUEST		Get Single User	1688035787211	1688035787223	OK	 
USER	Create and get User	END	1688035787224
USER	Create and get User	START	1688035788984
REQUEST		Add User	1688035788985	1688035789104	OK	 
REQUEST		Get Single User	1688035789105	1688035789193	OK	 
REQUEST		Get Single User	1688035789194	1688035789208	OK	 
USER	Create and get User	END	1688035789209
USER	Create and get User	START	1688035790993
REQUEST		Add User	1688035790993	1688035791110	OK	 
REQUEST		Get Single User	1688035791111	1688035791203	OK	 
REQUEST		Get Single User	1688035791204	1688035791218	OK	 
USER	Create and get User	END	1688035791220
USER	Create and get User	START	1688035792990
REQUEST		Add User	1688035792990	1688035793101	OK	 
REQUEST		Get Single User	1688035793103	1688035793193	OK	 
REQUEST		Get Single User	1688035793194	1688035793207	OK	 
USER	Create and get User	END	1688035793209
USER	Create and get User	START	1688035794987
REQUEST		Add User	1688035794987	1688035795095	OK	 
REQUEST		Get Single User	1688035795096	1688035795189	OK	 
REQUEST		Get Single User	1688035795190	1688035795202	OK	 
USER	Create and get User	END	1688035795204
USER	Create and get User	START	1688035796996
REQUEST		Add User	1688035796996	1688035797116	OK	 
REQUEST		Get Single User	1688035797117	1688035797207	OK	 
REQUEST		Get Single User	1688035797208	1688035797222	OK	 
USER	Create and get User	END	1688035797223
USER	Create and get User	START	1688035798993
REQUEST		Add User	1688035798994	1688035799111	OK	 
REQUEST		Get Single User	1688035799112	1688035799205	OK	 
REQUEST		Get Single User	1688035799205	1688035799217	OK	 
USER	Create and get User	END	1688035799219
USER	Create and get User	START	1688035800992
REQUEST		Add User	1688035800993	1688035801111	OK	 
REQUEST		Get Single User	1688035801113	1688035801203	OK	 
REQUEST		Get Single User	1688035801204	1688035801221	OK	 
USER	Create and get User	END	1688035801223
USER	Create and get User	START	1688035802983
REQUEST		Add User	1688035802983	1688035803095	OK	 
REQUEST		Get Single User	1688035803096	1688035803192	OK	 
REQUEST		Get Single User	1688035803193	1688035803209	OK	 
USER	Create and get User	END	1688035803210
USER	Create and get User	START	1688035804996
REQUEST		Add User	1688035804997	1688035805102	OK	 
REQUEST		Get Single User	1688035805103	1688035805198	OK	 
REQUEST		Get Single User	1688035805199	1688035805213	OK	 
USER	Create and get User	END	1688035805215
USER	Create and get User	START	1688035806989
REQUEST		Add User	1688035806989	1688035807113	OK	 
REQUEST		Get Single User	1688035807114	1688035807201	OK	 
REQUEST		Get Single User	1688035807202	1688035807217	OK	 
USER	Create and get User	END	1688035807219
